#
# There is insufficient memory for the Java Runtime Environment to continue.
# Native memory allocation (malloc) failed to allocate 1048576 bytes for AllocateHeap
# Possible reasons:
#   The system is out of physical RAM or swap space
#   In 32 bit mode, the process size limit was hit
# Possible solutions:
#   Reduce memory load on the system
#   Increase physical memory or swap space
#   Check if swap backing store is full
#   Use 64 bit Java on a 64 bit OS
#   Decrease Java heap size (-Xmx/-Xms)
#   Decrease number of Java threads
#   Decrease Java thread stack sizes (-Xss)
#   Set larger code cache with -XX:ReservedCodeCacheSize=
# This output file may be truncated or incomplete.
#
#  Out of Memory Error (memory/allocation.inline.hpp:61), pid=23900, tid=23852
#
# JRE version:  (8.0_65-b17) (build )
# Java VM: Java HotSpot(TM) 64-Bit Server VM (25.65-b01 mixed mode windows-amd64 compressed oops)
# Failed to write core dump. Minidumps are not enabled by default on client versions of Windows
#

---------------  T H R E A D  ---------------

Current thread (0x0000000002820800):  JavaThread "Unknown thread" [_thread_in_vm, id=23852, stack(0x0000000000c20000,0x0000000000d20000)]

Stack: [0x0000000000c20000,0x0000000000d20000]
[error occurred during error reporting (printing stack bounds), id 0xc0000005]

Native frames: (J=compiled Java code, j=interpreted, Vv=VM code, C=native code)


---------------  P R O C E S S  ---------------

Java Threads: ( => current thread )

Other Threads:

=>0x0000000002820800 (exited) JavaThread "Unknown thread" [_thread_in_vm, id=23852, stack(0x0000000000c20000,0x0000000000d20000)]

VM state:not at safepoint (normal execution)

VM Mutex/Monitor currently owned by a thread: None

Heap:
 PSYoungGen      total 76288K, used 1310K [0x000000076af80000, 0x0000000770480000, 0x00000007c0000000)
  eden space 65536K, 2% used [0x000000076af80000,0x000000076b0c7af0,0x000000076ef80000)
  from space 10752K, 0% used [0x000000076fa00000,0x000000076fa00000,0x0000000770480000)
  to   space 10752K, 0% used [0x000000076ef80000,0x000000076ef80000,0x000000076fa00000)
 ParOldGen       total 175104K, used 0K [0x00000006c0e00000, 0x00000006cb900000, 0x000000076af80000)
  object space 175104K, 0% used [0x00000006c0e00000,0x00000006c0e00000,0x00000006cb900000)
 Metaspace       used 767K, capacity 4480K, committed 4480K, reserved 1056768K
  class space    used 75K, capacity 384K, committed 384K, reserved 1048576K

Card table byte_map: [0x0000000011d70000,0x0000000012570000] byte_map_base: 0x000000000e769000

Marking Bits: (ParMarkBitMap*) 0x00000000762aa5b0
 Begin Bits: [0x0000000012ed0000, 0x0000000016e98000)
 End Bits:   [0x0000000016e98000, 0x000000001ae60000)

Polling page: 0x00000000003f0000

CodeCache: size=245760Kb used=328Kb max_used=328Kb free=245431Kb
 bounds [0x00000000029b0000, 0x0000000002c20000, 0x00000000119b0000]
 total_blobs=57 nmethods=0 adapters=37
 compilation: enabled

Compilation events (0 events):
No events

GC Heap History (0 events):
No events

Deoptimization events (0 events):
No events

Internal exceptions (0 events):
No events

Events (10 events):
Event: 0.018 loading class java/lang/Short
Event: 0.018 loading class java/lang/Short done
Event: 0.018 loading class java/lang/Integer
Event: 0.018 loading class java/lang/Integer done
Event: 0.018 loading class java/lang/Long
Event: 0.018 loading class java/lang/Long done
Event: 0.019 loading class java/lang/NullPointerException
Event: 0.019 loading class java/lang/NullPointerException done
Event: 0.019 loading class java/lang/ArithmeticException
Event: 0.019 loading class java/lang/ArithmeticException done


Dynamic libraries:
0x00007ff7c3cd0000 - 0x00007ff7c3d07000 	C:\Program Files\Java\jdk1.8.0_65\bin\java.exe
0x00007ffd26f10000 - 0x00007ffd270fd000 	C:\Windows\SYSTEM32\ntdll.dll
0x00007ffd24780000 - 0x00007ffd24833000 	C:\Windows\System32\KERNEL32.DLL
0x00007ffd23390000 - 0x00007ffd23623000 	C:\Windows\System32\KERNELBASE.dll
0x00007ffd24140000 - 0x00007ffd241e3000 	C:\Windows\System32\ADVAPI32.dll
0x00007ffd26940000 - 0x00007ffd269de000 	C:\Windows\System32\msvcrt.dll
0x00007ffd26bf0000 - 0x00007ffd26c8e000 	C:\Windows\System32\sechost.dll
0x00007ffd26520000 - 0x00007ffd26642000 	C:\Windows\System32\RPCRT4.dll
0x00007ffd26d40000 - 0x00007ffd26ed7000 	C:\Windows\System32\USER32.dll
0x00007ffd23630000 - 0x00007ffd23650000 	C:\Windows\System32\win32u.dll
0x00007ffd24750000 - 0x00007ffd24779000 	C:\Windows\System32\GDI32.dll
0x00007ffd23e30000 - 0x00007ffd23fca000 	C:\Windows\System32\gdi32full.dll
0x00007ffd240a0000 - 0x00007ffd24140000 	C:\Windows\System32\msvcp_win.dll
0x00007ffd23030000 - 0x00007ffd2312a000 	C:\Windows\System32\ucrtbase.dll
0x00007ffd1a750000 - 0x00007ffd1a9c9000 	C:\Windows\WinSxS\amd64_microsoft.windows.common-controls_6595b64144ccf1df_6.0.17763.475_none_05b43ca607202c6c\COMCTL32.dll
0x00007ffd24840000 - 0x00007ffd24b6c000 	C:\Windows\System32\combase.dll
0x00007ffd23130000 - 0x00007ffd231ae000 	C:\Windows\System32\bcryptPrimitives.dll
0x00007ffd26270000 - 0x00007ffd2629e000 	C:\Windows\System32\IMM32.DLL
0x0000000076330000 - 0x0000000076402000 	C:\Program Files\Java\jdk1.8.0_65\jre\bin\msvcr100.dll
0x0000000075aa0000 - 0x0000000076329000 	C:\Program Files\Java\jdk1.8.0_65\jre\bin\server\jvm.dll
0x00007ffd26360000 - 0x00007ffd26368000 	C:\Windows\System32\PSAPI.DLL
0x00007ffd14680000 - 0x00007ffd146a4000 	C:\Windows\SYSTEM32\WINMM.dll
0x00007ffd1fc70000 - 0x00007ffd1fc79000 	C:\Windows\SYSTEM32\WSOCK32.dll
0x00007ffd1cfc0000 - 0x00007ffd1cfca000 	C:\Windows\SYSTEM32\VERSION.dll
0x00007ffd26660000 - 0x00007ffd266cd000 	C:\Windows\System32\WS2_32.dll
0x00007ffd14650000 - 0x00007ffd1467d000 	C:\Windows\SYSTEM32\WINMMBASE.dll
0x00007ffd22fe0000 - 0x00007ffd2302a000 	C:\Windows\System32\cfgmgr32.dll
0x0000000075a90000 - 0x0000000075a9f000 	C:\Program Files\Java\jdk1.8.0_65\jre\bin\verify.dll
0x0000000075a60000 - 0x0000000075a89000 	C:\Program Files\Java\jdk1.8.0_65\jre\bin\java.dll
0x0000000075a40000 - 0x0000000075a56000 	C:\Program Files\Java\jdk1.8.0_65\jre\bin\zip.dll

VM Arguments:
java_command: <unknown>
java_class_path (initial): .;D:\jdk\jdk-12.0.1\bin;D:\jdk\jdk-12.0.1\lib\dt.jar;D:\jdk\jdk-12.0.1\lib\tools.jar
Launcher Type: SUN_STANDARD

Environment Variables:
JAVA_HOME=C:/Program Files/Java/jdk1.8.0_65
CLASSPATH=.;D:\jdk\jdk-12.0.1\bin;D:\jdk\jdk-12.0.1\lib\dt.jar;D:\jdk\jdk-12.0.1\lib\tools.jar
PATH=D:\jdk\jdk-12.0.1\bin;D:\jdk\jdk-12.0.1\jre\bin;C:\ProgramData\Oracle\Java\javapath;C:\Windows\system32;C:\Windows;C:\Windows\System32\Wbem;C:\Windows\System32\WindowsPowerShell\v1.0\;C:\Windows\System32\OpenSSH\;C:\Program Files\TortoiseSVN\bin;C:\Program Files\Git\cmd;C:\Program Files (x86)\GtkSharp\2.12\bin;C:\Program Files\dotnet\;C:\Program Files\Microsoft SQL Server\130\Tools\Binn\;C:\Users\shaow\AppData\Local\Microsoft\WindowsApps;
USERNAME=Raven
OS=Windows_NT
PROCESSOR_IDENTIFIER=Intel64 Family 6 Model 158 Stepping 9, GenuineIntel



---------------  S Y S T E M  ---------------

OS: Windows 10.0 , 64 bit Build 17763 (10.0.17763.475)

CPU:total 4 (4 cores per cpu, 1 threads per core) family 6 model 158 stepping 9, cmov, cx8, fxsr, mmx, sse, sse2, sse3, ssse3, sse4.1, sse4.2, popcnt, avx, avx2, aes, clmul, erms, rtm, 3dnowpref, lzcnt, tsc, tscinvbit, bmi1, bmi2, adx

Memory: 4k page, physical 16715884k(5106956k free), swap 27171260k(5404k free)

vm_info: Java HotSpot(TM) 64-Bit Server VM (25.65-b01) for windows-amd64 JRE (1.8.0_65-b17), built on Oct  6 2015 16:39:20 by "java_re" with MS VC++ 10.0 (VS2010)

time: Wed May 08 09:48:59 2019
elapsed time: 0 seconds (0d 0h 0m 0s)

